mode: set
github.com/adhithyan15/coding-adventures/code/packages/go/document-html-sanitizer/html_sanitizer.go:28.70,34.25 2 1
github.com/adhithyan15/coding-adventures/code/packages/go/document-html-sanitizer/html_sanitizer.go:34.25,36.3 1 1
github.com/adhithyan15/coding-adventures/code/packages/go/document-html-sanitizer/html_sanitizer.go:40.2,40.43 1 1
github.com/adhithyan15/coding-adventures/code/packages/go/document-html-sanitizer/html_sanitizer.go:40.43,42.3 1 1
github.com/adhithyan15/coding-adventures/code/packages/go/document-html-sanitizer/html_sanitizer.go:46.2,48.15 2 1
github.com/adhithyan15/coding-adventures/code/packages/go/document-html-sanitizer/html_sanitizer.go:66.39,68.2 1 1
github.com/adhithyan15/coding-adventures/code/packages/go/document-html-sanitizer/html_sanitizer.go:87.58,96.2 2 1
github.com/adhithyan15/coding-adventures/code/packages/go/document-html-sanitizer/html_sanitizer.go:100.62,103.2 2 1
github.com/adhithyan15/coding-adventures/code/packages/go/document-html-sanitizer/html_sanitizer.go:111.44,119.44 5 1
github.com/adhithyan15/coding-adventures/code/packages/go/document-html-sanitizer/html_sanitizer.go:119.44,122.3 2 1
github.com/adhithyan15/coding-adventures/code/packages/go/document-html-sanitizer/html_sanitizer.go:125.2,126.15 2 1
github.com/adhithyan15/coding-adventures/code/packages/go/document-html-sanitizer/html_sanitizer.go:156.69,157.75 1 1
github.com/adhithyan15/coding-adventures/code/packages/go/document-html-sanitizer/html_sanitizer.go:157.75,159.15 2 1
github.com/adhithyan15/coding-adventures/code/packages/go/document-html-sanitizer/html_sanitizer.go:159.15,161.4 1 0
github.com/adhithyan15/coding-adventures/code/packages/go/document-html-sanitizer/html_sanitizer.go:162.3,171.56 5 1
github.com/adhithyan15/coding-adventures/code/packages/go/document-html-sanitizer/html_sanitizer.go:171.57,173.4 0 0
github.com/adhithyan15/coding-adventures/code/packages/go/document-html-sanitizer/html_sanitizer.go:174.3,176.20 2 1
github.com/adhithyan15/coding-adventures/code/packages/go/document-html-sanitizer/html_sanitizer.go:176.20,178.4 1 1
github.com/adhithyan15/coding-adventures/code/packages/go/document-html-sanitizer/html_sanitizer.go:179.3,179.36 1 1
github.com/adhithyan15/coding-adventures/code/packages/go/document-html-sanitizer/html_sanitizer.go:216.87,221.42 3 1
github.com/adhithyan15/coding-adventures/code/packages/go/document-html-sanitizer/html_sanitizer.go:221.42,223.3 1 1
github.com/adhithyan15/coding-adventures/code/packages/go/document-html-sanitizer/html_sanitizer.go:227.2,228.30 2 1
github.com/adhithyan15/coding-adventures/code/packages/go/document-html-sanitizer/html_sanitizer.go:228.30,235.23 1 1
github.com/adhithyan15/coding-adventures/code/packages/go/document-html-sanitizer/html_sanitizer.go:235.23,237.12 1 0
github.com/adhithyan15/coding-adventures/code/packages/go/document-html-sanitizer/html_sanitizer.go:240.3,246.18 5 1
github.com/adhithyan15/coding-adventures/code/packages/go/document-html-sanitizer/html_sanitizer.go:246.18,250.4 3 1
github.com/adhithyan15/coding-adventures/code/packages/go/document-html-sanitizer/html_sanitizer.go:250.9,250.25 1 0
github.com/adhithyan15/coding-adventures/code/packages/go/document-html-sanitizer/html_sanitizer.go:250.25,254.4 3 0
github.com/adhithyan15/coding-adventures/code/packages/go/document-html-sanitizer/html_sanitizer.go:254.9,254.25 1 0
github.com/adhithyan15/coding-adventures/code/packages/go/document-html-sanitizer/html_sanitizer.go:254.25,258.4 3 0
github.com/adhithyan15/coding-adventures/code/packages/go/document-html-sanitizer/html_sanitizer.go:270.3,270.68 1 1
github.com/adhithyan15/coding-adventures/code/packages/go/document-html-sanitizer/html_sanitizer.go:270.68,271.12 1 1
github.com/adhithyan15/coding-adventures/code/packages/go/document-html-sanitizer/html_sanitizer.go:275.3,275.20 1 1
github.com/adhithyan15/coding-adventures/code/packages/go/document-html-sanitizer/html_sanitizer.go:275.20,276.12 1 1
github.com/adhithyan15/coding-adventures/code/packages/go/document-html-sanitizer/html_sanitizer.go:283.3,283.52 1 1
github.com/adhithyan15/coding-adventures/code/packages/go/document-html-sanitizer/html_sanitizer.go:283.52,284.47 1 1
github.com/adhithyan15/coding-adventures/code/packages/go/document-html-sanitizer/html_sanitizer.go:284.47,289.13 4 1
github.com/adhithyan15/coding-adventures/code/packages/go/document-html-sanitizer/html_sanitizer.go:300.3,300.68 1 1
github.com/adhithyan15/coding-adventures/code/packages/go/document-html-sanitizer/html_sanitizer.go:300.68,301.36 1 1
github.com/adhithyan15/coding-adventures/code/packages/go/document-html-sanitizer/html_sanitizer.go:301.36,302.13 1 1
github.com/adhithyan15/coding-adventures/code/packages/go/document-html-sanitizer/html_sanitizer.go:307.3,309.15 3 1
github.com/adhithyan15/coding-adventures/code/packages/go/document-html-sanitizer/html_sanitizer.go:309.15,314.4 4 1
github.com/adhithyan15/coding-adventures/code/packages/go/document-html-sanitizer/html_sanitizer.go:317.2,317.24 1 1
github.com/adhithyan15/coding-adventures/code/packages/go/document-html-sanitizer/html_sanitizer.go:333.62,339.2 1 1
github.com/adhithyan15/coding-adventures/code/packages/go/document-html-sanitizer/html_sanitizer.go:377.43,379.45 1 1
github.com/adhithyan15/coding-adventures/code/packages/go/document-html-sanitizer/html_sanitizer.go:379.45,381.3 1 1
github.com/adhithyan15/coding-adventures/code/packages/go/document-html-sanitizer/html_sanitizer.go:385.2,386.28 2 1
github.com/adhithyan15/coding-adventures/code/packages/go/document-html-sanitizer/html_sanitizer.go:386.28,387.17 1 1
github.com/adhithyan15/coding-adventures/code/packages/go/document-html-sanitizer/html_sanitizer.go:387.17,388.12 1 0
github.com/adhithyan15/coding-adventures/code/packages/go/document-html-sanitizer/html_sanitizer.go:390.3,392.91 2 1
github.com/adhithyan15/coding-adventures/code/packages/go/document-html-sanitizer/html_sanitizer.go:392.91,393.12 1 1
github.com/adhithyan15/coding-adventures/code/packages/go/document-html-sanitizer/html_sanitizer.go:396.3,396.14 1 1
github.com/adhithyan15/coding-adventures/code/packages/go/document-html-sanitizer/html_sanitizer.go:399.2,399.14 1 1
github.com/adhithyan15/coding-adventures/code/packages/go/document-html-sanitizer/url_utils.go:23.47,25.2 1 1
github.com/adhithyan15/coding-adventures/code/packages/go/document-html-sanitizer/url_utils.go:31.43,33.18 2 1
github.com/adhithyan15/coding-adventures/code/packages/go/document-html-sanitizer/url_utils.go:33.18,35.3 1 1
github.com/adhithyan15/coding-adventures/code/packages/go/document-html-sanitizer/url_utils.go:38.2,38.32 1 1
github.com/adhithyan15/coding-adventures/code/packages/go/document-html-sanitizer/url_utils.go:38.32,39.54 1 1
github.com/adhithyan15/coding-adventures/code/packages/go/document-html-sanitizer/url_utils.go:39.54,41.4 1 1
github.com/adhithyan15/coding-adventures/code/packages/go/document-html-sanitizer/url_utils.go:43.2,43.40 1 1
github.com/adhithyan15/coding-adventures/code/packages/go/document-html-sanitizer/url_utils.go:49.74,50.31 1 1
github.com/adhithyan15/coding-adventures/code/packages/go/document-html-sanitizer/url_utils.go:50.31,52.3 1 1
github.com/adhithyan15/coding-adventures/code/packages/go/document-html-sanitizer/url_utils.go:53.2,55.18 3 1
github.com/adhithyan15/coding-adventures/code/packages/go/document-html-sanitizer/url_utils.go:55.18,57.3 1 1
github.com/adhithyan15/coding-adventures/code/packages/go/document-html-sanitizer/url_utils.go:58.2,58.51 1 1
github.com/adhithyan15/coding-adventures/code/packages/go/document-html-sanitizer/url_utils.go:58.51,59.41 1 1
github.com/adhithyan15/coding-adventures/code/packages/go/document-html-sanitizer/url_utils.go:59.41,61.4 1 1
github.com/adhithyan15/coding-adventures/code/packages/go/document-html-sanitizer/url_utils.go:63.2,63.14 1 1
