mode: set
github.com/adhithyan15/coding-adventures/code/packages/go/document-ast-sanitizer/sanitizer.go:27.104,30.2 2 1
github.com/adhithyan15/coding-adventures/code/packages/go/document-ast-sanitizer/sanitizer.go:37.103,39.29 2 1
github.com/adhithyan15/coding-adventures/code/packages/go/document-ast-sanitizer/sanitizer.go:39.29,41.23 2 1
github.com/adhithyan15/coding-adventures/code/packages/go/document-ast-sanitizer/sanitizer.go:41.23,43.4 1 1
github.com/adhithyan15/coding-adventures/code/packages/go/document-ast-sanitizer/sanitizer.go:45.2,45.15 1 1
github.com/adhithyan15/coding-adventures/code/packages/go/document-ast-sanitizer/sanitizer.go:63.97,64.26 1 1
github.com/adhithyan15/coding-adventures/code/packages/go/document-ast-sanitizer/sanitizer.go:65.32,66.36 1 1
github.com/adhithyan15/coding-adventures/code/packages/go/document-ast-sanitizer/sanitizer.go:67.34,68.38 1 1
github.com/adhithyan15/coding-adventures/code/packages/go/document-ast-sanitizer/sanitizer.go:69.34,70.38 1 1
github.com/adhithyan15/coding-adventures/code/packages/go/document-ast-sanitizer/sanitizer.go:71.35,72.39 1 1
github.com/adhithyan15/coding-adventures/code/packages/go/document-ast-sanitizer/sanitizer.go:73.29,74.33 1 1
github.com/adhithyan15/coding-adventures/code/packages/go/document-ast-sanitizer/sanitizer.go:75.33,76.37 1 0
github.com/adhithyan15/coding-adventures/code/packages/go/document-ast-sanitizer/sanitizer.go:77.38,79.11 1 1
github.com/adhithyan15/coding-adventures/code/packages/go/document-ast-sanitizer/sanitizer.go:80.33,81.37 1 1
github.com/adhithyan15/coding-adventures/code/packages/go/document-ast-sanitizer/sanitizer.go:82.10,87.13 1 0
github.com/adhithyan15/coding-adventures/code/packages/go/document-ast-sanitizer/sanitizer.go:102.102,105.14 2 1
github.com/adhithyan15/coding-adventures/code/packages/go/document-ast-sanitizer/sanitizer.go:105.14,107.3 1 1
github.com/adhithyan15/coding-adventures/code/packages/go/document-ast-sanitizer/sanitizer.go:108.2,109.14 2 1
github.com/adhithyan15/coding-adventures/code/packages/go/document-ast-sanitizer/sanitizer.go:109.14,111.3 1 1
github.com/adhithyan15/coding-adventures/code/packages/go/document-ast-sanitizer/sanitizer.go:114.2,114.15 1 1
github.com/adhithyan15/coding-adventures/code/packages/go/document-ast-sanitizer/sanitizer.go:114.15,116.3 1 1
github.com/adhithyan15/coding-adventures/code/packages/go/document-ast-sanitizer/sanitizer.go:119.2,120.24 2 1
github.com/adhithyan15/coding-adventures/code/packages/go/document-ast-sanitizer/sanitizer.go:120.24,123.3 1 1
github.com/adhithyan15/coding-adventures/code/packages/go/document-ast-sanitizer/sanitizer.go:126.2,127.17 2 1
github.com/adhithyan15/coding-adventures/code/packages/go/document-ast-sanitizer/sanitizer.go:127.17,129.3 1 1
github.com/adhithyan15/coding-adventures/code/packages/go/document-ast-sanitizer/sanitizer.go:130.2,130.17 1 1
github.com/adhithyan15/coding-adventures/code/packages/go/document-ast-sanitizer/sanitizer.go:130.17,132.3 1 1
github.com/adhithyan15/coding-adventures/code/packages/go/document-ast-sanitizer/sanitizer.go:134.2,134.67 1 1
github.com/adhithyan15/coding-adventures/code/packages/go/document-ast-sanitizer/sanitizer.go:140.106,142.24 2 1
github.com/adhithyan15/coding-adventures/code/packages/go/document-ast-sanitizer/sanitizer.go:142.24,146.3 1 1
github.com/adhithyan15/coding-adventures/code/packages/go/document-ast-sanitizer/sanitizer.go:147.2,147.55 1 1
github.com/adhithyan15/coding-adventures/code/packages/go/document-ast-sanitizer/sanitizer.go:153.106,154.27 1 1
github.com/adhithyan15/coding-adventures/code/packages/go/document-ast-sanitizer/sanitizer.go:154.27,156.3 1 1
github.com/adhithyan15/coding-adventures/code/packages/go/document-ast-sanitizer/sanitizer.go:158.2,158.79 1 1
github.com/adhithyan15/coding-adventures/code/packages/go/document-ast-sanitizer/sanitizer.go:164.108,165.28 1 1
github.com/adhithyan15/coding-adventures/code/packages/go/document-ast-sanitizer/sanitizer.go:165.28,167.3 1 1
github.com/adhithyan15/coding-adventures/code/packages/go/document-ast-sanitizer/sanitizer.go:168.2,169.24 2 1
github.com/adhithyan15/coding-adventures/code/packages/go/document-ast-sanitizer/sanitizer.go:169.24,171.3 1 1
github.com/adhithyan15/coding-adventures/code/packages/go/document-ast-sanitizer/sanitizer.go:172.2,172.56 1 1
github.com/adhithyan15/coding-adventures/code/packages/go/document-ast-sanitizer/sanitizer.go:177.96,179.37 2 1
github.com/adhithyan15/coding-adventures/code/packages/go/document-ast-sanitizer/sanitizer.go:179.37,181.23 2 1
github.com/adhithyan15/coding-adventures/code/packages/go/document-ast-sanitizer/sanitizer.go:181.23,183.4 1 1
github.com/adhithyan15/coding-adventures/code/packages/go/document-ast-sanitizer/sanitizer.go:185.2,185.21 1 1
github.com/adhithyan15/coding-adventures/code/packages/go/document-ast-sanitizer/sanitizer.go:185.21,187.3 1 0
github.com/adhithyan15/coding-adventures/code/packages/go/document-ast-sanitizer/sanitizer.go:188.2,193.3 1 1
github.com/adhithyan15/coding-adventures/code/packages/go/document-ast-sanitizer/sanitizer.go:199.108,202.2 2 1
github.com/adhithyan15/coding-adventures/code/packages/go/document-ast-sanitizer/sanitizer.go:211.104,212.42 1 1
github.com/adhithyan15/coding-adventures/code/packages/go/document-ast-sanitizer/sanitizer.go:213.18,214.13 1 1
github.com/adhithyan15/coding-adventures/code/packages/go/document-ast-sanitizer/sanitizer.go:215.22,216.75 1 1
github.com/adhithyan15/coding-adventures/code/packages/go/document-ast-sanitizer/sanitizer.go:217.20,218.70 1 1
github.com/adhithyan15/coding-adventures/code/packages/go/document-ast-sanitizer/sanitizer.go:218.70,219.30 1 1
github.com/adhithyan15/coding-adventures/code/packages/go/document-ast-sanitizer/sanitizer.go:219.30,221.5 1 1
github.com/adhithyan15/coding-adventures/code/packages/go/document-ast-sanitizer/sanitizer.go:223.3,223.13 1 1
github.com/adhithyan15/coding-adventures/code/packages/go/document-ast-sanitizer/sanitizer.go:224.10,225.13 1 0
github.com/adhithyan15/coding-adventures/code/packages/go/document-ast-sanitizer/sanitizer.go:234.106,236.29 2 1
github.com/adhithyan15/coding-adventures/code/packages/go/document-ast-sanitizer/sanitizer.go:236.29,239.3 2 1
github.com/adhithyan15/coding-adventures/code/packages/go/document-ast-sanitizer/sanitizer.go:240.2,240.15 1 1
github.com/adhithyan15/coding-adventures/code/packages/go/document-ast-sanitizer/sanitizer.go:260.102,261.26 1 1
github.com/adhithyan15/coding-adventures/code/packages/go/document-ast-sanitizer/sanitizer.go:262.29,264.73 1 1
github.com/adhithyan15/coding-adventures/code/packages/go/document-ast-sanitizer/sanitizer.go:266.33,267.37 1 1
github.com/adhithyan15/coding-adventures/code/packages/go/document-ast-sanitizer/sanitizer.go:269.31,270.35 1 1
github.com/adhithyan15/coding-adventures/code/packages/go/document-ast-sanitizer/sanitizer.go:272.33,273.37 1 1
github.com/adhithyan15/coding-adventures/code/packages/go/document-ast-sanitizer/sanitizer.go:275.29,276.33 1 1
github.com/adhithyan15/coding-adventures/code/packages/go/document-ast-sanitizer/sanitizer.go:278.30,279.34 1 1
github.com/adhithyan15/coding-adventures/code/packages/go/document-ast-sanitizer/sanitizer.go:281.33,282.37 1 1
github.com/adhithyan15/coding-adventures/code/packages/go/document-ast-sanitizer/sanitizer.go:284.34,285.38 1 1
github.com/adhithyan15/coding-adventures/code/packages/go/document-ast-sanitizer/sanitizer.go:287.34,288.64 1 1
github.com/adhithyan15/coding-adventures/code/packages/go/document-ast-sanitizer/sanitizer.go:290.34,291.64 1 1
github.com/adhithyan15/coding-adventures/code/packages/go/document-ast-sanitizer/sanitizer.go:293.10,295.13 1 0
github.com/adhithyan15/coding-adventures/code/packages/go/document-ast-sanitizer/sanitizer.go:301.107,303.24 2 1
github.com/adhithyan15/coding-adventures/code/packages/go/document-ast-sanitizer/sanitizer.go:303.24,305.3 1 1
github.com/adhithyan15/coding-adventures/code/packages/go/document-ast-sanitizer/sanitizer.go:306.2,306.80 1 1
github.com/adhithyan15/coding-adventures/code/packages/go/document-ast-sanitizer/sanitizer.go:311.103,313.24 2 1
github.com/adhithyan15/coding-adventures/code/packages/go/document-ast-sanitizer/sanitizer.go:313.24,315.3 1 1
github.com/adhithyan15/coding-adventures/code/packages/go/document-ast-sanitizer/sanitizer.go:316.2,316.78 1 1
github.com/adhithyan15/coding-adventures/code/packages/go/document-ast-sanitizer/sanitizer.go:323.107,324.36 1 1
github.com/adhithyan15/coding-adventures/code/packages/go/document-ast-sanitizer/sanitizer.go:324.36,326.3 1 1
github.com/adhithyan15/coding-adventures/code/packages/go/document-ast-sanitizer/sanitizer.go:327.2,327.79 1 1
github.com/adhithyan15/coding-adventures/code/packages/go/document-ast-sanitizer/sanitizer.go:339.99,340.22 1 1
github.com/adhithyan15/coding-adventures/code/packages/go/document-ast-sanitizer/sanitizer.go:340.22,346.3 1 1
github.com/adhithyan15/coding-adventures/code/packages/go/document-ast-sanitizer/sanitizer.go:348.2,349.36 2 1
github.com/adhithyan15/coding-adventures/code/packages/go/document-ast-sanitizer/sanitizer.go:349.36,351.3 1 1
github.com/adhithyan15/coding-adventures/code/packages/go/document-ast-sanitizer/sanitizer.go:353.2,354.24 2 1
github.com/adhithyan15/coding-adventures/code/packages/go/document-ast-sanitizer/sanitizer.go:354.24,357.17 1 0
github.com/adhithyan15/coding-adventures/code/packages/go/document-ast-sanitizer/sanitizer.go:357.17,359.4 1 0
github.com/adhithyan15/coding-adventures/code/packages/go/document-ast-sanitizer/sanitizer.go:361.2,366.4 1 1
github.com/adhithyan15/coding-adventures/code/packages/go/document-ast-sanitizer/sanitizer.go:375.101,376.23 1 1
github.com/adhithyan15/coding-adventures/code/packages/go/document-ast-sanitizer/sanitizer.go:376.23,378.3 1 1
github.com/adhithyan15/coding-adventures/code/packages/go/document-ast-sanitizer/sanitizer.go:380.2,380.33 1 1
github.com/adhithyan15/coding-adventures/code/packages/go/document-ast-sanitizer/sanitizer.go:380.33,382.3 1 1
github.com/adhithyan15/coding-adventures/code/packages/go/document-ast-sanitizer/sanitizer.go:384.2,385.36 2 1
github.com/adhithyan15/coding-adventures/code/packages/go/document-ast-sanitizer/sanitizer.go:385.36,387.3 1 1
github.com/adhithyan15/coding-adventures/code/packages/go/document-ast-sanitizer/sanitizer.go:389.2,394.4 1 1
github.com/adhithyan15/coding-adventures/code/packages/go/document-ast-sanitizer/sanitizer.go:402.107,405.18 2 1
github.com/adhithyan15/coding-adventures/code/packages/go/document-ast-sanitizer/sanitizer.go:405.18,408.30 1 1
github.com/adhithyan15/coding-adventures/code/packages/go/document-ast-sanitizer/sanitizer.go:408.30,410.47 2 1
github.com/adhithyan15/coding-adventures/code/packages/go/document-ast-sanitizer/sanitizer.go:410.47,411.22 1 1
github.com/adhithyan15/coding-adventures/code/packages/go/document-ast-sanitizer/sanitizer.go:411.22,413.11 2 1
github.com/adhithyan15/coding-adventures/code/packages/go/document-ast-sanitizer/sanitizer.go:416.4,416.22 1 1
github.com/adhithyan15/coding-adventures/code/packages/go/document-ast-sanitizer/sanitizer.go:416.22,418.5 1 1
github.com/adhithyan15/coding-adventures/code/packages/go/document-ast-sanitizer/sanitizer.go:420.8,421.37 1 1
github.com/adhithyan15/coding-adventures/code/packages/go/document-ast-sanitizer/sanitizer.go:421.37,423.4 1 1
github.com/adhithyan15/coding-adventures/code/packages/go/document-ast-sanitizer/sanitizer.go:426.2,429.4 1 1
github.com/adhithyan15/coding-adventures/code/packages/go/document-ast-sanitizer/sanitizer.go:434.109,435.43 1 1
github.com/adhithyan15/coding-adventures/code/packages/go/document-ast-sanitizer/sanitizer.go:436.18,437.13 1 1
github.com/adhithyan15/coding-adventures/code/packages/go/document-ast-sanitizer/sanitizer.go:438.22,439.102 1 1
github.com/adhithyan15/coding-adventures/code/packages/go/document-ast-sanitizer/sanitizer.go:440.20,441.71 1 1
github.com/adhithyan15/coding-adventures/code/packages/go/document-ast-sanitizer/sanitizer.go:441.71,442.30 1 1
github.com/adhithyan15/coding-adventures/code/packages/go/document-ast-sanitizer/sanitizer.go:442.30,444.5 1 1
github.com/adhithyan15/coding-adventures/code/packages/go/document-ast-sanitizer/sanitizer.go:446.3,446.13 1 1
github.com/adhithyan15/coding-adventures/code/packages/go/document-ast-sanitizer/sanitizer.go:447.10,448.13 1 0
github.com/adhithyan15/coding-adventures/code/packages/go/document-ast-sanitizer/url_utils.go:45.43,47.2 1 1
github.com/adhithyan15/coding-adventures/code/packages/go/document-ast-sanitizer/url_utils.go:63.39,66.18 2 1
github.com/adhithyan15/coding-adventures/code/packages/go/document-ast-sanitizer/url_utils.go:66.18,69.3 1 1
github.com/adhithyan15/coding-adventures/code/packages/go/document-ast-sanitizer/url_utils.go:81.2,81.32 1 1
github.com/adhithyan15/coding-adventures/code/packages/go/document-ast-sanitizer/url_utils.go:81.32,82.54 1 1
github.com/adhithyan15/coding-adventures/code/packages/go/document-ast-sanitizer/url_utils.go:82.54,84.4 1 1
github.com/adhithyan15/coding-adventures/code/packages/go/document-ast-sanitizer/url_utils.go:88.2,88.40 1 1
github.com/adhithyan15/coding-adventures/code/packages/go/document-ast-sanitizer/url_utils.go:101.66,106.18 3 1
github.com/adhithyan15/coding-adventures/code/packages/go/document-ast-sanitizer/url_utils.go:106.18,108.3 1 1
github.com/adhithyan15/coding-adventures/code/packages/go/document-ast-sanitizer/url_utils.go:111.2,111.28 1 1
github.com/adhithyan15/coding-adventures/code/packages/go/document-ast-sanitizer/url_utils.go:111.28,113.3 1 1
github.com/adhithyan15/coding-adventures/code/packages/go/document-ast-sanitizer/url_utils.go:116.2,116.51 1 1
github.com/adhithyan15/coding-adventures/code/packages/go/document-ast-sanitizer/url_utils.go:116.51,117.41 1 1
github.com/adhithyan15/coding-adventures/code/packages/go/document-ast-sanitizer/url_utils.go:117.41,119.4 1 1
github.com/adhithyan15/coding-adventures/code/packages/go/document-ast-sanitizer/url_utils.go:122.2,122.14 1 1
